HCompV -A -T 2 -C configs/hcompv.conf -v 2.0 -f 0.01 -m -S lists/3/train.data -M models/3/hmm0 models/3/prototype 
Stream 1
 Mean Vector 
      48.81   222.69   135.07   966.23   107.52  1012.50   119.92  1099.39   115.75  1028.87    99.69  1026.14 ...
 Variance Vector 
     309.13  6325.81  7372.22 158894.70 10655.63 918828.56 19402.24 1337141.00 18866.16 1363723.88 13460.29 1244770.38 ...
HCompV -A -T 2 -C configs/hcompv.conf -v 2.0 -f 0.01 -m -S lists/3/train.data -M models/3/hmm0 models/3/prototype 
Stream 1
 Mean Vector 
      48.81   222.69   135.07   966.23   107.52  1012.50   119.92  1099.39   115.75  1028.87    99.69  1026.14 ...
 Variance Vector 
     309.13  6325.81  7372.22 158894.70 10655.63 918828.56 19402.24 1337141.00 18866.16 1363723.88 13460.29 1244770.38 ...
HCompV -A -T 2 -C configs/hcompv.conf -v 2.0 -f 0.01 -m -S lists/3/train.data -M models/3/hmm0 models/3/prototype 
Stream 1
 Mean Vector 
      48.81   222.69   135.07   966.23   107.52  1012.50   119.92  1099.39   115.75  1028.87    99.69  1026.14 ...
 Variance Vector 
     309.13  6325.81  7372.22 158894.70 10655.63 918828.56 19402.24 1337141.00 18866.16 1363723.88 13460.29 1244770.38 ...
HCompV -A -T 2 -C configs/hcompv.conf -v 2.0 -f 0.01 -m -S lists/3/train.data -M models/3/hmm0 models/3/prototype 
Stream 1
 Mean Vector 
      48.81   222.69   135.07   966.23   107.52  1012.50   119.92  1099.39   115.75  1028.87    99.69  1026.14 ...
 Variance Vector 
     309.13  6325.81  7372.22 158894.70 10655.63 918828.56 19402.24 1337141.00 18866.16 1363723.88 13460.29 1244770.38 ...
HCompV -A -T 2 -C configs/hcompv.conf -v 2.0 -f 0.01 -m -S lists/3/train.data -M models/3/hmm0 models/3/prototype 
Stream 1
 Mean Vector 
      48.81   222.69   135.07   966.23   107.52  1012.50   119.92  1099.39   115.75  1028.87    99.69  1026.14 ...
 Variance Vector 
     309.13  6325.81  7372.22 158894.70 10655.63 918828.56 19402.24 1337141.00 18866.16 1363723.88 13460.29 1244770.38 ...
HRest -A -i 60 -C configs/hrest.conf -v 0.1 -I all_labels.mlf -M models/3/hmm1 -S lists/3/train.data models/3/hmm0/above 
