HCompV -A -T 2 -C configs/hcompv.conf -v 2.0 -f 0.01 -m -S lists/0/train.data -M models/0/hmm0 models/0/prototype 
Stream 1
 Mean Vector 
      48.84   219.99   140.81   951.90   107.67   990.87   118.95  1074.56   114.79  1003.92    99.29  1003.74 ...
 Variance Vector 
     288.86  5947.05  7956.44 156568.20 10504.11 887301.94 18994.10 1281509.38 18617.12 1305902.50 13336.12 1194104.12 ...
HCompV -A -T 2 -C configs/hcompv.conf -v 2.0 -f 0.01 -m -S lists/0/train.data -M models/0/hmm0 models/0/prototype 
Stream 1
 Mean Vector 
      48.84   219.99   140.81   951.90   107.67   990.87   118.95  1074.56   114.79  1003.92    99.29  1003.74 ...
 Variance Vector 
     288.86  5947.05  7956.44 156568.20 10504.11 887301.94 18994.10 1281509.38 18617.12 1305902.50 13336.12 1194104.12 ...
HCompV -A -T 2 -C configs/hcompv.conf -v 2.0 -f 0.01 -m -S lists/0/train.data -M models/0/hmm0 models/0/prototype 
Stream 1
 Mean Vector 
      48.84   219.99   140.81   951.90   107.67   990.87   118.95  1074.56   114.79  1003.92    99.29  1003.74 ...
 Variance Vector 
     288.86  5947.05  7956.44 156568.20 10504.11 887301.94 18994.10 1281509.38 18617.12 1305902.50 13336.12 1194104.12 ...
HCompV -A -T 2 -C configs/hcompv.conf -v 2.0 -f 0.01 -m -S lists/0/train.data -M models/0/hmm0 models/0/prototype 
Stream 1
 Mean Vector 
      48.84   219.99   140.81   951.90   107.67   990.87   118.95  1074.56   114.79  1003.92    99.29  1003.74 ...
 Variance Vector 
     288.86  5947.05  7956.44 156568.20 10504.11 887301.94 18994.10 1281509.38 18617.12 1305902.50 13336.12 1194104.12 ...
HCompV -A -T 2 -C configs/hcompv.conf -v 2.0 -f 0.01 -m -S lists/0/train.data -M models/0/hmm0 models/0/prototype 
Stream 1
 Mean Vector 
      48.84   219.99   140.81   951.90   107.67   990.87   118.95  1074.56   114.79  1003.92    99.29  1003.74 ...
 Variance Vector 
     288.86  5947.05  7956.44 156568.20 10504.11 887301.94 18994.10 1281509.38 18617.12 1305902.50 13336.12 1194104.12 ...
HRest -A -i 60 -C configs/hrest.conf -v 0.1 -I all_labels.mlf -M models/0/hmm1 -S lists/0/train.data models/0/hmm0/grey 
HRest -A -i 60 -C configs/hrest.conf -v 0.1 -I all_labels.mlf -M models/0/hmm1 -S lists/0/train.data models/0/hmm0/alligator 
