HCompV -A -T 2 -C configs/hcompv.conf -v 2.0 -f 0.01 -m -S lists/2/train.data -M models/2/hmm0 models/2/prototype 
Stream 1
 Mean Vector 
      46.63   205.89   131.44   923.63   104.09   970.23   115.82  1054.11   112.26   982.01    96.66   981.61 ...
 Variance Vector 
     247.74  4245.92  6497.11 139583.88 10064.25 823012.12 18459.94 1192255.00 18230.84 1213674.25 13006.05 1111360.00 ...
HCompV -A -T 2 -C configs/hcompv.conf -v 2.0 -f 0.01 -m -S lists/2/train.data -M models/2/hmm0 models/2/prototype 
Stream 1
 Mean Vector 
      46.63   205.89   131.44   923.63   104.09   970.23   115.82  1054.11   112.26   982.01    96.66   981.61 ...
 Variance Vector 
     247.74  4245.92  6497.11 139583.88 10064.25 823012.12 18459.94 1192255.00 18230.84 1213674.25 13006.05 1111360.00 ...
HCompV -A -T 2 -C configs/hcompv.conf -v 2.0 -f 0.01 -m -S lists/2/train.data -M models/2/hmm0 models/2/prototype 
Stream 1
 Mean Vector 
      46.63   205.89   131.44   923.63   104.09   970.23   115.82  1054.11   112.26   982.01    96.66   981.61 ...
 Variance Vector 
     247.74  4245.92  6497.11 139583.88 10064.25 823012.12 18459.94 1192255.00 18230.84 1213674.25 13006.05 1111360.00 ...
HCompV -A -T 2 -C configs/hcompv.conf -v 2.0 -f 0.01 -m -S lists/2/train.data -M models/2/hmm0 models/2/prototype 
Stream 1
 Mean Vector 
      46.63   205.89   131.44   923.63   104.09   970.23   115.82  1054.11   112.26   982.01    96.66   981.61 ...
 Variance Vector 
     247.74  4245.92  6497.11 139583.88 10064.25 823012.12 18459.94 1192255.00 18230.84 1213674.25 13006.05 1111360.00 ...
HCompV -A -T 2 -C configs/hcompv.conf -v 2.0 -f 0.01 -m -S lists/2/train.data -M models/2/hmm0 models/2/prototype 
Stream 1
 Mean Vector 
      46.63   205.89   131.44   923.63   104.09   970.23   115.82  1054.11   112.26   982.01    96.66   981.61 ...
 Variance Vector 
     247.74  4245.92  6497.11 139583.88 10064.25 823012.12 18459.94 1192255.00 18230.84 1213674.25 13006.05 1111360.00 ...
HRest -A -i 60 -C configs/hrest.conf -v 0.1 -I all_labels.mlf -M models/2/hmm1 -S lists/2/train.data models/2/hmm0/box 
HRest -A -i 60 -C configs/hrest.conf -v 0.1 -I all_labels.mlf -M models/2/hmm1 -S lists/2/train.data models/2/hmm0/below 
