HCompV -A -T 2 -C configs/hcompv.conf -v 2.0 -f 0.01 -m -S lists/4/train.data -M models/4/hmm0 models/4/prototype 
Stream 1
 Mean Vector 
      48.43   207.68   144.17   891.25   104.97   909.72   115.09   982.23   110.52   925.60    95.96   929.07 ...
 Variance Vector 
     276.54  4864.77  8235.41 127825.54 10201.56 810120.56 18303.05 1173566.88 17800.92 1214779.75 12787.41 1112947.50 ...
HCompV -A -T 2 -C configs/hcompv.conf -v 2.0 -f 0.01 -m -S lists/4/train.data -M models/4/hmm0 models/4/prototype 
Stream 1
 Mean Vector 
      48.43   207.68   144.17   891.25   104.97   909.72   115.09   982.23   110.52   925.60    95.96   929.07 ...
 Variance Vector 
     276.54  4864.77  8235.41 127825.54 10201.56 810120.56 18303.05 1173566.88 17800.92 1214779.75 12787.41 1112947.50 ...
HCompV -A -T 2 -C configs/hcompv.conf -v 2.0 -f 0.01 -m -S lists/4/train.data -M models/4/hmm0 models/4/prototype 
Stream 1
 Mean Vector 
      48.43   207.68   144.17   891.25   104.97   909.72   115.09   982.23   110.52   925.60    95.96   929.07 ...
 Variance Vector 
     276.54  4864.77  8235.41 127825.54 10201.56 810120.56 18303.05 1173566.88 17800.92 1214779.75 12787.41 1112947.50 ...
HCompV -A -T 2 -C configs/hcompv.conf -v 2.0 -f 0.01 -m -S lists/4/train.data -M models/4/hmm0 models/4/prototype 
Stream 1
 Mean Vector 
      48.43   207.68   144.17   891.25   104.97   909.72   115.09   982.23   110.52   925.60    95.96   929.07 ...
 Variance Vector 
     276.54  4864.77  8235.41 127825.54 10201.56 810120.56 18303.05 1173566.88 17800.92 1214779.75 12787.41 1112947.50 ...
HCompV -A -T 2 -C configs/hcompv.conf -v 2.0 -f 0.01 -m -S lists/4/train.data -M models/4/hmm0 models/4/prototype 
Stream 1
 Mean Vector 
      48.43   207.68   144.17   891.25   104.97   909.72   115.09   982.23   110.52   925.60    95.96   929.07 ...
 Variance Vector 
     276.54  4864.77  8235.41 127825.54 10201.56 810120.56 18303.05 1173566.88 17800.92 1214779.75 12787.41 1112947.50 ...
HRest -A -i 60 -C configs/hrest.conf -v 0.1 -I all_labels.mlf -M models/4/hmm1 -S lists/4/train.data models/4/hmm0/flowers 
HRest -A -i 60 -C configs/hrest.conf -v 0.1 -I all_labels.mlf -M models/4/hmm1 -S lists/4/train.data models/4/hmm0/snake 
